<?xml version="1.0" encoding="UTF-8"?>
<!-- Generated by org.testng.reporters.JUnitReportReporter -->
<testsuite hostname="LAPTOP-KVVL5GQ9" failures="0" tests="1" name="com.proj.testcases.TC01_Hitachi_PortalPage" time="11.846" errors="0" timestamp="2023-06-01T23:10:02 IST" skipped="0">
  <testcase classname="com.proj.testcases.TC01_Hitachi_PortalPage" name="hitachiApplicationVerfication" time="11.846"/>
  <system-out/>
</testsuite> <!-- com.proj.testcases.TC01_Hitachi_PortalPage -->
