<?xml version="1.0" encoding="UTF-8"?>
<!-- Generated by org.testng.reporters.JUnitReportReporter -->
<testsuite hostname="LAPTOP-KVVL5GQ9" failures="0" tests="1" name="com.proj.testcases.TC300_Groups2" time="0.001" errors="0" timestamp="2023-05-09T18:13:25 IST" skipped="0">
  <testcase classname="com.proj.testcases.TC300_Groups2" name="groupTest7" time="0.001"/>
  <system-out/>
</testsuite> <!-- com.proj.testcases.TC300_Groups2 -->
