<?xml version="1.0" encoding="UTF-8"?>
<!-- Generated by org.testng.reporters.JUnitReportReporter -->
<testsuite hostname="LAPTOP-KVVL5GQ9" failures="0" tests="3" name="com.proj.testcases.TC200_DisableTestCases" time="0.015" errors="0" timestamp="2023-05-09T16:52:07 IST" skipped="1">
  <testcase classname="com.proj.testcases.TC200_DisableTestCases" name="dis_Test2" time="0.001"/>
  <system-out/>
  <testcase classname="com.proj.testcases.TC200_DisableTestCases" name="dis_Test1" time="0.014"/>
  <system-out/>
  <testcase classname="com.proj.testcases.TC200_DisableTestCases" name="dis_Test3">
    <skipped/>
  </testcase> <!-- dis_Test3 -->
  <system-out/>
</testsuite> <!-- com.proj.testcases.TC200_DisableTestCases -->
