<?xml version="1.0" encoding="UTF-8"?>
<!-- Generated by org.testng.reporters.JUnitReportReporter -->
<testsuite hostname="LAPTOP-KVVL5GQ9" failures="0" tests="3" name="com.proj.testcases.TC100_CheckAnnotations" time="0.017" errors="0" timestamp="2023-05-09T16:15:27 IST" skipped="0">
  <testcase classname="com.proj.testcases.TC100_CheckAnnotations" name="Test2" time="0.014"/>
  <system-out/>
  <testcase classname="com.proj.testcases.TC100_CheckAnnotations" name="Test3" time="0.002"/>
  <system-out/>
  <testcase classname="com.proj.testcases.TC100_CheckAnnotations" name="Test1" time="0.001"/>
  <system-out/>
</testsuite> <!-- com.proj.testcases.TC100_CheckAnnotations -->
