<?xml version="1.0" encoding="UTF-8"?>
<!-- Generated by org.testng.reporters.JUnitReportReporter -->
<testsuite hostname="LAPTOP-KVVL5GQ9" failures="0" tests="1" name="com.proj.testcases.TC500_BrokenLinks" time="30.838" errors="0" timestamp="2023-05-25T17:37:29 IST" skipped="0">
  <testcase classname="com.proj.testcases.TC500_BrokenLinks" name="findBrokenLinks" time="30.838"/>
  <system-out/>
</testsuite> <!-- com.proj.testcases.TC500_BrokenLinks -->
