<?xml version="1.0" encoding="UTF-8"?>
<!-- Generated by org.testng.reporters.JUnitReportReporter -->
<testsuite hostname="LAPTOP-KVVL5GQ9" failures="0" tests="5" name="com.proj.testcases.TC300_Groups1" time="0.011" errors="0" timestamp="2023-05-09T18:13:54 IST" skipped="0">
  <testcase classname="com.proj.testcases.TC300_Groups1" name="groupTest4" time="0.001"/>
  <system-out/>
  <testcase classname="com.proj.testcases.TC300_Groups1" name="groupTest5" time="0.001"/>
  <system-out/>
  <testcase classname="com.proj.testcases.TC300_Groups1" name="groupTest1" time="0.006"/>
  <system-out/>
  <testcase classname="com.proj.testcases.TC300_Groups1" name="groupTest3" time="0.002"/>
  <system-out/>
  <testcase classname="com.proj.testcases.TC300_Groups1" name="groupTest2" time="0.001"/>
  <system-out/>
</testsuite> <!-- com.proj.testcases.TC300_Groups1 -->
