<?xml version="1.0" encoding="UTF-8"?>
<!-- Generated by org.testng.reporters.JUnitReportReporter -->
<testsuite hostname="LAPTOP-KVVL5GQ9" failures="0" tests="3" name="com.proj.testcases.TC400_JavaScritExecutors" time="25.391" errors="0" timestamp="2023-05-25T16:10:44 IST" skipped="0">
  <testcase classname="com.proj.testcases.TC400_JavaScritExecutors" name="highlightBox" time="5.815"/>
  <system-out/>
  <testcase classname="com.proj.testcases.TC400_JavaScritExecutors" name="sendText" time="13.359"/>
  <system-out/>
  <testcase classname="com.proj.testcases.TC400_JavaScritExecutors" name="clickButton" time="6.217"/>
  <system-out/>
</testsuite> <!-- com.proj.testcases.TC400_JavaScritExecutors -->
